2020-09-15 12:38:11,598 INFO [restartedMain] c.a.d.SpringbootEssentialsApplication [StartupInfoLogger.java:50] Starting SpringbootEssentialsApplication on platon with PID 17074 (/home/miki/java-source/beg-spring-boot-2-master/chapter-04/springboot-essentials/target/classes started by miki in /home/miki/java-source/beg-spring-boot-2-master/chapter-04)
2020-09-15 12:38:11,605 DEBUG [restartedMain] c.a.d.SpringbootEssentialsApplication [StartupInfoLogger.java:53] Running with Spring Boot v2.0.0.BUILD-SNAPSHOT, Spring v5.0.4.RELEASE
2020-09-15 12:38:11,608 INFO [restartedMain] c.a.d.SpringbootEssentialsApplication [SpringApplication.java:652] No active profile set, falling back to default profiles: default
2020-09-15 12:38:11,696 INFO [restartedMain] o.s.b.w.s.c.AnnotationConfigServletWebServerApplicationContext [AbstractApplicationContext.java:589] Refreshing org.springframework.boot.web.servlet.context.AnnotationConfigServletWebServerApplicationContext@355fcaba: startup date [Tue Sep 15 12:38:11 CEST 2020]; root of context hierarchy
2020-09-15 12:38:13,720 INFO [restartedMain] o.s.b.w.e.t.TomcatWebServer [TomcatWebServer.java:91] Tomcat initialized with port(s): 8080 (http)
2020-09-15 12:38:13,764 INFO [restartedMain] o.a.c.h.Http11NioProtocol [DirectJDKLog.java:180] Initializing ProtocolHandler ["http-nio-8080"]
2020-09-15 12:38:13,780 INFO [restartedMain] o.a.c.c.StandardService [DirectJDKLog.java:180] Starting service [Tomcat]
2020-09-15 12:38:13,787 INFO [restartedMain] o.a.c.c.StandardEngine [DirectJDKLog.java:180] Starting Servlet Engine: Apache Tomcat/8.5.28
2020-09-15 12:38:13,828 INFO [localhost-startStop-1] o.a.c.c.AprLifecycleListener [DirectJDKLog.java:180] The APR based Apache Tomcat Native library which allows optimal performance in production environments was not found on the java.library.path: [/usr/java/packages/lib:/usr/lib/x86_64-linux-gnu/jni:/lib/x86_64-linux-gnu:/usr/lib/x86_64-linux-gnu:/usr/lib/jni:/lib:/usr/lib]
2020-09-15 12:38:14,057 INFO [localhost-startStop-1] o.a.c.c.C.[.[.[/] [DirectJDKLog.java:180] Initializing Spring embedded WebApplicationContext
2020-09-15 12:38:14,057 INFO [localhost-startStop-1] o.s.w.c.ContextLoader [ServletWebServerApplicationContext.java:285] Root WebApplicationContext: initialization completed in 2389 ms
2020-09-15 12:38:14,298 INFO [localhost-startStop-1] o.s.b.w.s.ServletRegistrationBean [ServletRegistrationBean.java:185] Servlet dispatcherServlet mapped to [/]
2020-09-15 12:38:14,303 INFO [localhost-startStop-1] o.s.b.w.s.FilterRegistrationBean [AbstractFilterRegistrationBean.java:243] Mapping filter: 'characterEncodingFilter' to: [/*]
2020-09-15 12:38:14,303 INFO [localhost-startStop-1] o.s.b.w.s.FilterRegistrationBean [AbstractFilterRegistrationBean.java:243] Mapping filter: 'hiddenHttpMethodFilter' to: [/*]
2020-09-15 12:38:14,303 INFO [localhost-startStop-1] o.s.b.w.s.FilterRegistrationBean [AbstractFilterRegistrationBean.java:243] Mapping filter: 'httpPutFormContentFilter' to: [/*]
2020-09-15 12:38:14,304 INFO [localhost-startStop-1] o.s.b.w.s.FilterRegistrationBean [AbstractFilterRegistrationBean.java:243] Mapping filter: 'requestContextFilter' to: [/*]
2020-09-15 12:38:14,824 INFO [restartedMain] o.s.w.s.m.m.a.RequestMappingHandlerAdapter [RequestMappingHandlerAdapter.java:567] Looking for @ControllerAdvice: org.springframework.boot.web.servlet.context.AnnotationConfigServletWebServerApplicationContext@355fcaba: startup date [Tue Sep 15 12:38:11 CEST 2020]; root of context hierarchy
2020-09-15 12:38:14,917 INFO [restartedMain] o.s.w.s.m.m.a.RequestMappingHandlerMapping [AbstractHandlerMethodMapping.java:548] Mapped "{[/]}" onto public java.lang.String com.apress.demo.HomeController.home(org.springframework.ui.Model)
2020-09-15 12:38:14,934 INFO [restartedMain] o.s.w.s.m.m.a.RequestMappingHandlerMapping [AbstractHandlerMethodMapping.java:548] Mapped "{[/error]}" onto public org.springframework.http.ResponseEntity<java.util.Map<java.lang.String, java.lang.Object>> org.springframework.boot.autoconfigure.web.servlet.error.BasicErrorController.error(javax.servlet.http.HttpServletRequest)
2020-09-15 12:38:14,938 INFO [restartedMain] o.s.w.s.m.m.a.RequestMappingHandlerMapping [AbstractHandlerMethodMapping.java:548] Mapped "{[/error],produces=[text/html]}" onto public org.springframework.web.servlet.ModelAndView org.springframework.boot.autoconfigure.web.servlet.error.BasicErrorController.errorHtml(javax.servlet.http.HttpServletRequest,javax.servlet.http.HttpServletResponse)
2020-09-15 12:38:14,974 INFO [restartedMain] o.s.w.s.h.SimpleUrlHandlerMapping [AbstractUrlHandlerMapping.java:373] Mapped URL path [/webjars/**] onto handler of type [class org.springframework.web.servlet.resource.ResourceHttpRequestHandler]
2020-09-15 12:38:14,979 INFO [restartedMain] o.s.w.s.h.SimpleUrlHandlerMapping [AbstractUrlHandlerMapping.java:373] Mapped URL path [/**] onto handler of type [class org.springframework.web.servlet.resource.ResourceHttpRequestHandler]
2020-09-15 12:38:15,048 INFO [restartedMain] o.s.w.s.h.SimpleUrlHandlerMapping [AbstractUrlHandlerMapping.java:373] Mapped URL path [/**/favicon.ico] onto handler of type [class org.springframework.web.servlet.resource.ResourceHttpRequestHandler]
2020-09-15 12:38:15,083 INFO [restartedMain] o.s.b.a.w.s.WelcomePageHandlerMapping [WelcomePageHandlerMapping.java:56] Adding welcome page: class path resource [public/index.html]
2020-09-15 12:38:15,220 INFO [restartedMain] o.s.b.d.a.OptionalLiveReloadServer [OptionalLiveReloadServer.java:57] LiveReload server is running on port 35729
2020-09-15 12:38:15,289 INFO [restartedMain] o.s.j.e.a.AnnotationMBeanExporter [MBeanExporter.java:434] Registering beans for JMX exposure on startup
2020-09-15 12:38:15,349 INFO [restartedMain] o.a.c.h.Http11NioProtocol [DirectJDKLog.java:180] Starting ProtocolHandler ["http-nio-8080"]
2020-09-15 12:38:15,352 INFO [restartedMain] o.a.t.u.n.NioSelectorPool [DirectJDKLog.java:180] Using a shared selector for servlet write/read
2020-09-15 12:38:15,425 INFO [restartedMain] o.s.b.w.e.t.TomcatWebServer [TomcatWebServer.java:205] Tomcat started on port(s): 8080 (http) with context path ''
2020-09-15 12:38:15,431 INFO [restartedMain] c.a.d.SpringbootEssentialsApplication [StartupInfoLogger.java:59] Started SpringbootEssentialsApplication in 4.304 seconds (JVM running for 5.202)
2020-09-15 12:38:25,510 INFO [http-nio-8080-exec-1] o.a.c.c.C.[.[.[/] [DirectJDKLog.java:180] Initializing Spring FrameworkServlet 'dispatcherServlet'
2020-09-15 12:38:25,511 INFO [http-nio-8080-exec-1] o.s.w.s.DispatcherServlet [FrameworkServlet.java:494] FrameworkServlet 'dispatcherServlet': initialization started
2020-09-15 12:38:25,520 INFO [http-nio-8080-exec-1] o.s.w.s.DispatcherServlet [FrameworkServlet.java:513] FrameworkServlet 'dispatcherServlet': initialization completed in 9 ms
2020-09-15 12:38:35,431 INFO [Thread-8] o.s.b.w.s.c.AnnotationConfigServletWebServerApplicationContext [AbstractApplicationContext.java:989] Closing org.springframework.boot.web.servlet.context.AnnotationConfigServletWebServerApplicationContext@355fcaba: startup date [Tue Sep 15 12:38:11 CEST 2020]; root of context hierarchy
2020-09-15 12:38:35,434 INFO [Thread-8] o.s.j.e.a.AnnotationMBeanExporter [MBeanExporter.java:452] Unregistering JMX-exposed beans on shutdown
