2020-09-12 15:48:23,935 INFO [main] o.s.b.t.c.SpringBootTestContextBootstrapper [AbstractTestContextBootstrapper.java:308] Neither @ContextConfiguration nor @ContextHierarchy found for test class [com.apress.demo.SpringbootEssentialsApplicationTest], using SpringBootContextLoader
2020-09-12 15:48:23,951 INFO [main] o.s.t.c.s.AbstractContextLoader [AbstractContextLoader.java:264] Could not detect default resource locations for test class [com.apress.demo.SpringbootEssentialsApplicationTest]: no resource found for suffixes {-context.xml, Context.groovy}.
2020-09-12 15:48:24,257 INFO [main] o.s.b.t.c.SpringBootTestContextBootstrapper [AbstractTestContextBootstrapper.java:248] Loaded default TestExecutionListener class names from location [META-INF/spring.factories]: [org.springframework.boot.test.mock.mockito.MockitoTestExecutionListener, org.springframework.boot.test.mock.mockito.ResetMocksTestExecutionListener, org.springframework.boot.test.autoconfigure.restdocs.RestDocsTestExecutionListener, org.springframework.boot.test.autoconfigure.web.client.MockRestServiceServerResetTestExecutionListener, org.springframework.boot.test.autoconfigure.web.servlet.MockMvcPrintOnlyOnFailureTestExecutionListener, org.springframework.boot.test.autoconfigure.web.servlet.WebDriverTestExecutionListener, org.springframework.test.context.web.ServletTestExecutionListener, org.springframework.test.context.support.DirtiesContextBeforeModesTestExecutionListener, org.springframework.test.context.support.DependencyInjectionTestExecutionListener, org.springframework.test.context.support.DirtiesContextTestExecutionListener, org.springframework.test.context.transaction.TransactionalTestExecutionListener, org.springframework.test.context.jdbc.SqlScriptsTestExecutionListener]
2020-09-12 15:48:24,276 INFO [main] o.s.b.t.c.SpringBootTestContextBootstrapper [AbstractTestContextBootstrapper.java:177] Using TestExecutionListeners: [org.springframework.test.context.web.ServletTestExecutionListener@43015c69, org.springframework.test.context.support.DirtiesContextBeforeModesTestExecutionListener@19b89d4, org.springframework.boot.test.mock.mockito.MockitoTestExecutionListener@4bbf6d0e, org.springframework.boot.test.autoconfigure.SpringBootDependencyInjectionTestExecutionListener@30b6ffe0, org.springframework.test.context.support.DirtiesContextTestExecutionListener@791d1f8b, org.springframework.boot.test.mock.mockito.ResetMocksTestExecutionListener@2415fc55, org.springframework.boot.test.autoconfigure.restdocs.RestDocsTestExecutionListener@14f232c4, org.springframework.boot.test.autoconfigure.web.client.MockRestServiceServerResetTestExecutionListener@13bc8645, org.springframework.boot.test.autoconfigure.web.servlet.MockMvcPrintOnlyOnFailureTestExecutionListener@24c22fe, org.springframework.boot.test.autoconfigure.web.servlet.WebDriverTestExecutionListener@93081b6]
2020-09-12 15:48:25,018 INFO [main] c.a.d.SpringbootEssentialsApplicationTest [StartupInfoLogger.java:50] Starting SpringbootEssentialsApplicationTest on platon with PID 10644 (started by miki in /home/miki/java-source/beg-spring-boot-2-master/chapter-04/springboot-essentials)
2020-09-12 15:48:25,024 DEBUG [main] c.a.d.SpringbootEssentialsApplicationTest [StartupInfoLogger.java:53] Running with Spring Boot v2.0.0.BUILD-SNAPSHOT, Spring v5.0.4.RELEASE
2020-09-12 15:48:25,029 INFO [main] c.a.d.SpringbootEssentialsApplicationTest [SpringApplication.java:656] The following profiles are active: test
2020-09-12 15:48:25,114 INFO [main] o.s.w.c.s.GenericWebApplicationContext [AbstractApplicationContext.java:589] Refreshing org.springframework.web.context.support.GenericWebApplicationContext@6e35bc3d: startup date [Sat Sep 12 15:48:25 CEST 2020]; root of context hierarchy
2020-09-12 15:48:27,884 INFO [main] o.s.w.s.m.m.a.RequestMappingHandlerAdapter [RequestMappingHandlerAdapter.java:567] Looking for @ControllerAdvice: org.springframework.web.context.support.GenericWebApplicationContext@6e35bc3d: startup date [Sat Sep 12 15:48:25 CEST 2020]; root of context hierarchy
2020-09-12 15:48:28,004 INFO [main] o.s.w.s.m.m.a.RequestMappingHandlerMapping [AbstractHandlerMethodMapping.java:548] Mapped "{[/]}" onto public java.lang.String com.apress.demo.HomeController.home(org.springframework.ui.Model)
2020-09-12 15:48:28,010 INFO [main] o.s.w.s.m.m.a.RequestMappingHandlerMapping [AbstractHandlerMethodMapping.java:548] Mapped "{[/error]}" onto public org.springframework.http.ResponseEntity<java.util.Map<java.lang.String, java.lang.Object>> org.springframework.boot.autoconfigure.web.servlet.error.BasicErrorController.error(javax.servlet.http.HttpServletRequest)
2020-09-12 15:48:28,014 INFO [main] o.s.w.s.m.m.a.RequestMappingHandlerMapping [AbstractHandlerMethodMapping.java:548] Mapped "{[/error],produces=[text/html]}" onto public org.springframework.web.servlet.ModelAndView org.springframework.boot.autoconfigure.web.servlet.error.BasicErrorController.errorHtml(javax.servlet.http.HttpServletRequest,javax.servlet.http.HttpServletResponse)
2020-09-12 15:48:28,077 INFO [main] o.s.w.s.h.SimpleUrlHandlerMapping [AbstractUrlHandlerMapping.java:373] Mapped URL path [/webjars/**] onto handler of type [class org.springframework.web.servlet.resource.ResourceHttpRequestHandler]
2020-09-12 15:48:28,078 INFO [main] o.s.w.s.h.SimpleUrlHandlerMapping [AbstractUrlHandlerMapping.java:373] Mapped URL path [/**] onto handler of type [class org.springframework.web.servlet.resource.ResourceHttpRequestHandler]
2020-09-12 15:48:28,133 INFO [main] o.s.w.s.h.SimpleUrlHandlerMapping [AbstractUrlHandlerMapping.java:373] Mapped URL path [/**/favicon.ico] onto handler of type [class org.springframework.web.servlet.resource.ResourceHttpRequestHandler]
2020-09-12 15:48:28,165 INFO [main] o.s.b.a.w.s.WelcomePageHandlerMapping [WelcomePageHandlerMapping.java:56] Adding welcome page: class path resource [public/index.html]
2020-09-12 15:48:28,343 INFO [main] c.a.d.SpringbootEssentialsApplicationTest [StartupInfoLogger.java:59] Started SpringbootEssentialsApplicationTest in 4.01 seconds (JVM running for 5.604)
2020-09-12 15:48:28,700 INFO [Thread-2] o.s.w.c.s.GenericWebApplicationContext [AbstractApplicationContext.java:989] Closing org.springframework.web.context.support.GenericWebApplicationContext@6e35bc3d: startup date [Sat Sep 12 15:48:25 CEST 2020]; root of context hierarchy
2020-09-12 15:48:32,752 INFO [restartedMain] c.a.d.SpringbootEssentialsApplication [StartupInfoLogger.java:50] Starting SpringbootEssentialsApplication on platon with PID 10983 (/home/miki/java-source/beg-spring-boot-2-master/chapter-04/springboot-essentials/target/classes started by miki in /home/miki/java-source/beg-spring-boot-2-master/chapter-04/springboot-essentials)
2020-09-12 15:48:32,755 DEBUG [restartedMain] c.a.d.SpringbootEssentialsApplication [StartupInfoLogger.java:53] Running with Spring Boot v2.0.0.BUILD-SNAPSHOT, Spring v5.0.4.RELEASE
2020-09-12 15:48:32,757 INFO [restartedMain] c.a.d.SpringbootEssentialsApplication [SpringApplication.java:652] No active profile set, falling back to default profiles: default
2020-09-12 15:48:32,919 INFO [restartedMain] o.s.b.w.s.c.AnnotationConfigServletWebServerApplicationContext [AbstractApplicationContext.java:589] Refreshing org.springframework.boot.web.servlet.context.AnnotationConfigServletWebServerApplicationContext@42921127: startup date [Sat Sep 12 15:48:32 CEST 2020]; root of context hierarchy
2020-09-12 15:48:35,372 INFO [restartedMain] o.s.b.w.e.t.TomcatWebServer [TomcatWebServer.java:91] Tomcat initialized with port(s): 8080 (http)
2020-09-12 15:48:35,414 INFO [restartedMain] o.a.c.h.Http11NioProtocol [DirectJDKLog.java:180] Initializing ProtocolHandler ["http-nio-8080"]
2020-09-12 15:48:35,446 INFO [restartedMain] o.a.c.c.StandardService [DirectJDKLog.java:180] Starting service [Tomcat]
2020-09-12 15:48:35,447 INFO [restartedMain] o.a.c.c.StandardEngine [DirectJDKLog.java:180] Starting Servlet Engine: Apache Tomcat/8.5.28
2020-09-12 15:48:35,467 INFO [localhost-startStop-1] o.a.c.c.AprLifecycleListener [DirectJDKLog.java:180] The APR based Apache Tomcat Native library which allows optimal performance in production environments was not found on the java.library.path: [/usr/java/packages/lib:/usr/lib/x86_64-linux-gnu/jni:/lib/x86_64-linux-gnu:/usr/lib/x86_64-linux-gnu:/usr/lib/jni:/lib:/usr/lib]
2020-09-12 15:48:35,622 INFO [localhost-startStop-1] o.a.c.c.C.[.[.[/] [DirectJDKLog.java:180] Initializing Spring embedded WebApplicationContext
2020-09-12 15:48:35,623 INFO [localhost-startStop-1] o.s.w.c.ContextLoader [ServletWebServerApplicationContext.java:285] Root WebApplicationContext: initialization completed in 2720 ms
2020-09-12 15:48:35,806 INFO [localhost-startStop-1] o.s.b.w.s.ServletRegistrationBean [ServletRegistrationBean.java:185] Servlet dispatcherServlet mapped to [/]
2020-09-12 15:48:35,810 INFO [localhost-startStop-1] o.s.b.w.s.FilterRegistrationBean [AbstractFilterRegistrationBean.java:243] Mapping filter: 'characterEncodingFilter' to: [/*]
2020-09-12 15:48:35,811 INFO [localhost-startStop-1] o.s.b.w.s.FilterRegistrationBean [AbstractFilterRegistrationBean.java:243] Mapping filter: 'hiddenHttpMethodFilter' to: [/*]
2020-09-12 15:48:35,812 INFO [localhost-startStop-1] o.s.b.w.s.FilterRegistrationBean [AbstractFilterRegistrationBean.java:243] Mapping filter: 'httpPutFormContentFilter' to: [/*]
2020-09-12 15:48:35,813 INFO [localhost-startStop-1] o.s.b.w.s.FilterRegistrationBean [AbstractFilterRegistrationBean.java:243] Mapping filter: 'requestContextFilter' to: [/*]
2020-09-12 15:48:36,365 INFO [restartedMain] o.s.w.s.m.m.a.RequestMappingHandlerAdapter [RequestMappingHandlerAdapter.java:567] Looking for @ControllerAdvice: org.springframework.boot.web.servlet.context.AnnotationConfigServletWebServerApplicationContext@42921127: startup date [Sat Sep 12 15:48:32 CEST 2020]; root of context hierarchy
2020-09-12 15:48:36,522 INFO [restartedMain] o.s.w.s.m.m.a.RequestMappingHandlerMapping [AbstractHandlerMethodMapping.java:548] Mapped "{[/]}" onto public java.lang.String com.apress.demo.HomeController.home(org.springframework.ui.Model)
2020-09-12 15:48:36,549 INFO [restartedMain] o.s.w.s.m.m.a.RequestMappingHandlerMapping [AbstractHandlerMethodMapping.java:548] Mapped "{[/error]}" onto public org.springframework.http.ResponseEntity<java.util.Map<java.lang.String, java.lang.Object>> org.springframework.boot.autoconfigure.web.servlet.error.BasicErrorController.error(javax.servlet.http.HttpServletRequest)
2020-09-12 15:48:36,555 INFO [restartedMain] o.s.w.s.m.m.a.RequestMappingHandlerMapping [AbstractHandlerMethodMapping.java:548] Mapped "{[/error],produces=[text/html]}" onto public org.springframework.web.servlet.ModelAndView org.springframework.boot.autoconfigure.web.servlet.error.BasicErrorController.errorHtml(javax.servlet.http.HttpServletRequest,javax.servlet.http.HttpServletResponse)
2020-09-12 15:48:36,628 INFO [restartedMain] o.s.w.s.h.SimpleUrlHandlerMapping [AbstractUrlHandlerMapping.java:373] Mapped URL path [/webjars/**] onto handler of type [class org.springframework.web.servlet.resource.ResourceHttpRequestHandler]
2020-09-12 15:48:36,636 INFO [restartedMain] o.s.w.s.h.SimpleUrlHandlerMapping [AbstractUrlHandlerMapping.java:373] Mapped URL path [/**] onto handler of type [class org.springframework.web.servlet.resource.ResourceHttpRequestHandler]
2020-09-12 15:48:36,723 INFO [restartedMain] o.s.w.s.h.SimpleUrlHandlerMapping [AbstractUrlHandlerMapping.java:373] Mapped URL path [/**/favicon.ico] onto handler of type [class org.springframework.web.servlet.resource.ResourceHttpRequestHandler]
2020-09-12 15:48:36,776 INFO [restartedMain] o.s.b.a.w.s.WelcomePageHandlerMapping [WelcomePageHandlerMapping.java:56] Adding welcome page: class path resource [public/index.html]
2020-09-12 15:48:36,984 INFO [restartedMain] o.s.b.d.a.OptionalLiveReloadServer [OptionalLiveReloadServer.java:57] LiveReload server is running on port 35729
2020-09-12 15:48:37,047 INFO [restartedMain] o.s.j.e.a.AnnotationMBeanExporter [MBeanExporter.java:434] Registering beans for JMX exposure on startup
2020-09-12 15:48:37,074 INFO [restartedMain] o.a.c.h.Http11NioProtocol [DirectJDKLog.java:180] Starting ProtocolHandler ["http-nio-8080"]
2020-09-12 15:48:37,077 INFO [restartedMain] o.a.t.u.n.NioSelectorPool [DirectJDKLog.java:180] Using a shared selector for servlet write/read
2020-09-12 15:48:37,251 INFO [restartedMain] o.s.b.w.e.t.TomcatWebServer [TomcatWebServer.java:205] Tomcat started on port(s): 8080 (http) with context path ''
2020-09-12 15:48:37,264 INFO [restartedMain] c.a.d.SpringbootEssentialsApplication [StartupInfoLogger.java:59] Started SpringbootEssentialsApplication in 5.441 seconds (JVM running for 6.728)
2020-09-12 15:48:38,688 INFO [http-nio-8080-exec-1] o.a.c.c.C.[.[.[/] [DirectJDKLog.java:180] Initializing Spring FrameworkServlet 'dispatcherServlet'
2020-09-12 15:48:38,688 INFO [http-nio-8080-exec-1] o.s.w.s.DispatcherServlet [FrameworkServlet.java:494] FrameworkServlet 'dispatcherServlet': initialization started
2020-09-12 15:48:38,706 INFO [http-nio-8080-exec-1] o.s.w.s.DispatcherServlet [FrameworkServlet.java:513] FrameworkServlet 'dispatcherServlet': initialization completed in 17 ms
2020-09-12 15:49:33,587 INFO [Thread-8] o.s.b.w.s.c.AnnotationConfigServletWebServerApplicationContext [AbstractApplicationContext.java:989] Closing org.springframework.boot.web.servlet.context.AnnotationConfigServletWebServerApplicationContext@42921127: startup date [Sat Sep 12 15:48:32 CEST 2020]; root of context hierarchy
2020-09-12 15:49:33,616 INFO [Thread-8] o.s.j.e.a.AnnotationMBeanExporter [MBeanExporter.java:452] Unregistering JMX-exposed beans on shutdown
2020-09-15 12:38:04,139 INFO [main] o.s.b.t.c.SpringBootTestContextBootstrapper [AbstractTestContextBootstrapper.java:308] Neither @ContextConfiguration nor @ContextHierarchy found for test class [com.apress.demo.SpringbootEssentialsApplicationTest], using SpringBootContextLoader
2020-09-15 12:38:04,146 INFO [main] o.s.t.c.s.AbstractContextLoader [AbstractContextLoader.java:264] Could not detect default resource locations for test class [com.apress.demo.SpringbootEssentialsApplicationTest]: no resource found for suffixes {-context.xml, Context.groovy}.
2020-09-15 12:38:04,351 INFO [main] o.s.b.t.c.SpringBootTestContextBootstrapper [AbstractTestContextBootstrapper.java:248] Loaded default TestExecutionListener class names from location [META-INF/spring.factories]: [org.springframework.boot.test.mock.mockito.MockitoTestExecutionListener, org.springframework.boot.test.mock.mockito.ResetMocksTestExecutionListener, org.springframework.boot.test.autoconfigure.restdocs.RestDocsTestExecutionListener, org.springframework.boot.test.autoconfigure.web.client.MockRestServiceServerResetTestExecutionListener, org.springframework.boot.test.autoconfigure.web.servlet.MockMvcPrintOnlyOnFailureTestExecutionListener, org.springframework.boot.test.autoconfigure.web.servlet.WebDriverTestExecutionListener, org.springframework.test.context.web.ServletTestExecutionListener, org.springframework.test.context.support.DirtiesContextBeforeModesTestExecutionListener, org.springframework.test.context.support.DependencyInjectionTestExecutionListener, org.springframework.test.context.support.DirtiesContextTestExecutionListener, org.springframework.test.context.transaction.TransactionalTestExecutionListener, org.springframework.test.context.jdbc.SqlScriptsTestExecutionListener]
2020-09-15 12:38:04,376 INFO [main] o.s.b.t.c.SpringBootTestContextBootstrapper [AbstractTestContextBootstrapper.java:177] Using TestExecutionListeners: [org.springframework.test.context.web.ServletTestExecutionListener@43015c69, org.springframework.test.context.support.DirtiesContextBeforeModesTestExecutionListener@19b89d4, org.springframework.boot.test.mock.mockito.MockitoTestExecutionListener@4bbf6d0e, org.springframework.boot.test.autoconfigure.SpringBootDependencyInjectionTestExecutionListener@30b6ffe0, org.springframework.test.context.support.DirtiesContextTestExecutionListener@791d1f8b, org.springframework.boot.test.mock.mockito.ResetMocksTestExecutionListener@2415fc55, org.springframework.boot.test.autoconfigure.restdocs.RestDocsTestExecutionListener@14f232c4, org.springframework.boot.test.autoconfigure.web.client.MockRestServiceServerResetTestExecutionListener@13bc8645, org.springframework.boot.test.autoconfigure.web.servlet.MockMvcPrintOnlyOnFailureTestExecutionListener@24c22fe, org.springframework.boot.test.autoconfigure.web.servlet.WebDriverTestExecutionListener@93081b6]
2020-09-15 12:38:04,995 INFO [main] c.a.d.SpringbootEssentialsApplicationTest [StartupInfoLogger.java:50] Starting SpringbootEssentialsApplicationTest on platon with PID 16946 (started by miki in /home/miki/java-source/beg-spring-boot-2-master/chapter-04/springboot-essentials)
2020-09-15 12:38:04,997 DEBUG [main] c.a.d.SpringbootEssentialsApplicationTest [StartupInfoLogger.java:53] Running with Spring Boot v2.0.0.BUILD-SNAPSHOT, Spring v5.0.4.RELEASE
2020-09-15 12:38:05,009 INFO [main] c.a.d.SpringbootEssentialsApplicationTest [SpringApplication.java:656] The following profiles are active: test
2020-09-15 12:38:05,090 INFO [main] o.s.w.c.s.GenericWebApplicationContext [AbstractApplicationContext.java:589] Refreshing org.springframework.web.context.support.GenericWebApplicationContext@6e35bc3d: startup date [Tue Sep 15 12:38:05 CEST 2020]; root of context hierarchy
2020-09-15 12:38:07,433 INFO [main] o.s.w.s.m.m.a.RequestMappingHandlerAdapter [RequestMappingHandlerAdapter.java:567] Looking for @ControllerAdvice: org.springframework.web.context.support.GenericWebApplicationContext@6e35bc3d: startup date [Tue Sep 15 12:38:05 CEST 2020]; root of context hierarchy
2020-09-15 12:38:07,513 INFO [main] o.s.w.s.m.m.a.RequestMappingHandlerMapping [AbstractHandlerMethodMapping.java:548] Mapped "{[/]}" onto public java.lang.String com.apress.demo.HomeController.home(org.springframework.ui.Model)
2020-09-15 12:38:07,516 INFO [main] o.s.w.s.m.m.a.RequestMappingHandlerMapping [AbstractHandlerMethodMapping.java:548] Mapped "{[/error]}" onto public org.springframework.http.ResponseEntity<java.util.Map<java.lang.String, java.lang.Object>> org.springframework.boot.autoconfigure.web.servlet.error.BasicErrorController.error(javax.servlet.http.HttpServletRequest)
2020-09-15 12:38:07,517 INFO [main] o.s.w.s.m.m.a.RequestMappingHandlerMapping [AbstractHandlerMethodMapping.java:548] Mapped "{[/error],produces=[text/html]}" onto public org.springframework.web.servlet.ModelAndView org.springframework.boot.autoconfigure.web.servlet.error.BasicErrorController.errorHtml(javax.servlet.http.HttpServletRequest,javax.servlet.http.HttpServletResponse)
2020-09-15 12:38:07,563 INFO [main] o.s.w.s.h.SimpleUrlHandlerMapping [AbstractUrlHandlerMapping.java:373] Mapped URL path [/webjars/**] onto handler of type [class org.springframework.web.servlet.resource.ResourceHttpRequestHandler]
2020-09-15 12:38:07,564 INFO [main] o.s.w.s.h.SimpleUrlHandlerMapping [AbstractUrlHandlerMapping.java:373] Mapped URL path [/**] onto handler of type [class org.springframework.web.servlet.resource.ResourceHttpRequestHandler]
2020-09-15 12:38:07,600 INFO [main] o.s.w.s.h.SimpleUrlHandlerMapping [AbstractUrlHandlerMapping.java:373] Mapped URL path [/**/favicon.ico] onto handler of type [class org.springframework.web.servlet.resource.ResourceHttpRequestHandler]
2020-09-15 12:38:07,621 INFO [main] o.s.b.a.w.s.WelcomePageHandlerMapping [WelcomePageHandlerMapping.java:56] Adding welcome page: class path resource [public/index.html]
2020-09-15 12:38:07,810 INFO [main] c.a.d.SpringbootEssentialsApplicationTest [StartupInfoLogger.java:59] Started SpringbootEssentialsApplicationTest in 3.377 seconds (JVM running for 4.511)
2020-09-15 12:38:08,021 INFO [Thread-2] o.s.w.c.s.GenericWebApplicationContext [AbstractApplicationContext.java:989] Closing org.springframework.web.context.support.GenericWebApplicationContext@6e35bc3d: startup date [Tue Sep 15 12:38:05 CEST 2020]; root of context hierarchy
